\BOOKMARK [1][-]{section.1}{Introducci\363n}{}% 1
\BOOKMARK [1][-]{section.2}{Presunciones}{}% 2
\BOOKMARK [1][-]{section.3}{Vistas}{}% 3
\BOOKMARK [2][-]{subsection.3.1}{Modelo de operaciones}{section.3}% 4
\BOOKMARK [3][-]{subsubsection.3.1.1}{Diagrama de casos de uso}{subsection.3.1}% 5
\BOOKMARK [3][-]{subsubsection.3.1.2}{Detalle de los casos de uso}{subsection.3.1}% 6
\BOOKMARK [3][-]{subsubsection.3.1.3}{Trazabilidad}{subsection.3.1}% 7
\BOOKMARK [2][-]{subsection.3.2}{Modelo conceptual}{section.3}% 8
\BOOKMARK [3][-]{subsubsection.3.2.1}{Diagrama de clases}{subsection.3.2}% 9
\BOOKMARK [3][-]{subsubsection.3.2.2}{Restricciones OCL}{subsection.3.2}% 10
\BOOKMARK [3][-]{subsubsection.3.2.3}{Generaci\363n de los reportes de ventas}{subsection.3.2}% 11
\BOOKMARK [3][-]{subsubsection.3.2.4}{Trazabilidad}{subsection.3.2}% 12
\BOOKMARK [2][-]{subsection.3.3}{Finite State Machine - FSM}{section.3}% 13
\BOOKMARK [3][-]{subsubsection.3.3.1}{Diagramas de FSM}{subsection.3.3}% 14
\BOOKMARK [3][-]{subsubsection.3.3.2}{Trazabilidad}{subsection.3.3}% 15
\BOOKMARK [2][-]{subsection.3.4}{Modelo de comportamiento}{section.3}% 16
\BOOKMARK [3][-]{subsubsection.3.4.1}{Diagrama de actividad}{subsection.3.4}% 17
\BOOKMARK [3][-]{subsubsection.3.4.2}{Trazabilidad}{subsection.3.4}% 18
\BOOKMARK [2][-]{subsection.3.5}{Trazabilidad}{section.3}% 19
\BOOKMARK [1][-]{section.4}{Discusi\363n}{}% 20
\BOOKMARK [2][-]{subsection.4.1}{Modificaci\363n de los pedidos}{section.4}% 21
\BOOKMARK [2][-]{subsection.4.2}{Rechazo de los pedidos}{section.4}% 22
\BOOKMARK [2][-]{subsection.4.3}{Pedidos no entregados}{section.4}% 23
\BOOKMARK [2][-]{subsection.4.4}{Fechas de entrega de los pedidos}{section.4}% 24
\BOOKMARK [1][-]{section.5}{Conclusiones}{}% 25
